[INFO ] Starting BaidaApplication on ShiQing-Chen with PID 8144 (J:\projects\my\springboot_mybitis\baida\target\classes started by ShiQing_Chen in J:\projects\my\springboot_mybitis\baida) - 2018-12-05 23:28:32,483 [main] com.chen.baida.BaidaApplication(logStarting,48) 
[DEBUG] Running with Spring Boot v1.5.17.RELEASE, Spring v4.3.20.RELEASE - 2018-12-05 23:28:32,487 [main] com.chen.baida.BaidaApplication(logStarting,51) 
[INFO ] No active profile set, falling back to default profiles: default - 2018-12-05 23:28:32,488 [main] com.chen.baida.BaidaApplication(logStartupProfileInfo,593) 
[DEBUG] ########临时目录：J:\projects\my\springboot_mybitis\baida######## - 2018-12-05 23:28:34,656 [localhost-startStop-1] com.chen.baida.config.ApplicationConfig(multipartConfigElement,57) 
[INFO ] ######## 配置共享登录规则... ######## - 2018-12-05 23:28:34,812 [localhost-startStop-1] com.chen.baida.config.RedisHttpSessionConfig(devCookieSerializer,67) 
[INFO ] ######## 初始化跳转处理器... ######## - 2018-12-05 23:28:35,010 [localhost-startStop-1] com.chen.baida.filter.HttpsRedirectFilter(init,24) 
[INFO ] ######## 应用程序正在启动... ######## - 2018-12-05 23:28:35,564 [main] com.chen.baida.updown.StartupService(afterPropertiesSet,36) 
[INFO ] ######## 应用程序正在启动... ######## - 2018-12-05 23:28:35,564 [main] com.chen.baida.updown.StartupService(afterPropertiesSet,37) 
[INFO ] ######## 应用程序正在启动... ######## - 2018-12-05 23:28:35,564 [main] com.chen.baida.updown.StartupService(afterPropertiesSet,38) 
[INFO ] ######## 运行端口: 9999 ######## - 2018-12-05 23:28:35,564 [main] com.chen.baida.updown.StartupService(afterPropertiesSet,39) 
[INFO ] ######## 应用名称: baida ######## - 2018-12-05 23:28:35,565 [main] com.chen.baida.updown.StartupService(afterPropertiesSet,40) 
[INFO ] ######## 程序版本: 0.0.3 ######## - 2018-12-05 23:28:35,565 [main] com.chen.baida.updown.StartupService(afterPropertiesSet,41) 
[INFO ] ######## 编译时间: @build.timestamp.with.offset@ ######## - 2018-12-05 23:28:35,565 [main] com.chen.baida.updown.StartupService(afterPropertiesSet,42) 
[INFO ] ######## 使用配置文件 [] ######## - 2018-12-05 23:28:35,565 [main] com.chen.baida.updown.StartupService(afterPropertiesSet,43) 
[INFO ] ######## 配置模板引擎常量... ######## - 2018-12-05 23:28:35,705 [main] com.chen.baida.config.FreemarkerConfig(freeMarkerViewResolver,32) 
[INFO ] ######## 配置拦截器... ######## - 2018-12-05 23:28:36,232 [main] com.chen.baida.config.DispatcherConfig(addInterceptors,36) 
[INFO ] Started BaidaApplication in 4.998 seconds (JVM running for 7.306) - 2018-12-05 23:28:37,180 [main] com.chen.baida.BaidaApplication(logStarted,57) 
[DEBUG] #### 用户设备类型：电脑true, 手机false, 平板false - 2018-12-05 23:29:03,390 [http-nio-9999-exec-2] com.chen.baida.controller.IndexController(index,27) 
[DEBUG] ==>  Preparing: select u.* from user u where u.mobile = ?  - 2018-12-05 23:29:05,584 [http-nio-9999-exec-2] com.chen.baida.mapper.UserMapper.findByMobile(debug,159) 
[DEBUG] ==> Parameters: 18600181386(String) - 2018-12-05 23:29:05,605 [http-nio-9999-exec-2] com.chen.baida.mapper.UserMapper.findByMobile(debug,159) 
[DEBUG] <==      Total: 1 - 2018-12-05 23:29:05,617 [http-nio-9999-exec-2] com.chen.baida.mapper.UserMapper.findByMobile(debug,159) 
[DEBUG] ==>  Preparing: select count(*) from qr_check_in t where t.is_deleted = false  - 2018-12-05 23:29:05,881 [http-nio-9999-exec-7] com.chen.baida.mapper.QrCheckInMapper.countAll(debug,159) 
[DEBUG] ==> Parameters:  - 2018-12-05 23:29:05,882 [http-nio-9999-exec-7] com.chen.baida.mapper.QrCheckInMapper.countAll(debug,159) 
[DEBUG] <==      Total: 1 - 2018-12-05 23:29:05,884 [http-nio-9999-exec-7] com.chen.baida.mapper.QrCheckInMapper.countAll(debug,159) 
[DEBUG] ==>  Preparing: select count(*) from qr_check_in t where t.is_deleted = false and t.create_time >= ?  - 2018-12-05 23:29:05,918 [http-nio-9999-exec-7] com.chen.baida.mapper.QrCheckInMapper.countTodayCheckIn(debug,159) 
[DEBUG] ==> Parameters: 2018-12-05 00:00:00.0(Timestamp) - 2018-12-05 23:29:05,919 [http-nio-9999-exec-7] com.chen.baida.mapper.QrCheckInMapper.countTodayCheckIn(debug,159) 
[DEBUG] <==      Total: 1 - 2018-12-05 23:29:05,921 [http-nio-9999-exec-7] com.chen.baida.mapper.QrCheckInMapper.countTodayCheckIn(debug,159) 
[DEBUG] ==>  Preparing: select count(*) from qr_topic t where t.is_deleted = false  - 2018-12-05 23:29:05,922 [http-nio-9999-exec-7] com.chen.baida.mapper.QrTopicMapper.countAll(debug,159) 
[DEBUG] ==> Parameters:  - 2018-12-05 23:29:05,923 [http-nio-9999-exec-7] com.chen.baida.mapper.QrTopicMapper.countAll(debug,159) 
[DEBUG] <==      Total: 1 - 2018-12-05 23:29:05,925 [http-nio-9999-exec-7] com.chen.baida.mapper.QrTopicMapper.countAll(debug,159) 
[DEBUG] ==>  Preparing: select count(*) from qr_feedback t where t.is_deleted = false  - 2018-12-05 23:29:05,926 [http-nio-9999-exec-7] com.chen.baida.mapper.QrFeedbackMapper.countAll(debug,159) 
[DEBUG] ==> Parameters:  - 2018-12-05 23:29:05,927 [http-nio-9999-exec-7] com.chen.baida.mapper.QrFeedbackMapper.countAll(debug,159) 
[DEBUG] <==      Total: 1 - 2018-12-05 23:29:05,928 [http-nio-9999-exec-7] com.chen.baida.mapper.QrFeedbackMapper.countAll(debug,159) 
[DEBUG] ==>  Preparing: select count(*) from qr_check_in t where t.is_deleted = false and t.create_time < ?  - 2018-12-05 23:29:06,360 [http-nio-9999-exec-5] com.chen.baida.mapper.QrCheckInMapper.countBeforeTime(debug,159) 
[DEBUG] ==> Parameters: 2018-12-05 00:00:00.0(Timestamp) - 2018-12-05 23:29:06,360 [http-nio-9999-exec-5] com.chen.baida.mapper.QrCheckInMapper.countBeforeTime(debug,159) 
[DEBUG] <==      Total: 1 - 2018-12-05 23:29:06,362 [http-nio-9999-exec-5] com.chen.baida.mapper.QrCheckInMapper.countBeforeTime(debug,159) 
[DEBUG] ==>  Preparing: select count(*) as `num`, hour(t.create_time)+1 as `key` from qr_check_in t where t.is_deleted = false and t.create_time >= ? group by hour(t.create_time)+1  - 2018-12-05 23:29:06,365 [http-nio-9999-exec-5] com.chen.baida.mapper.QrCheckInMapper.groupByHourAfterTime(debug,159) 
[DEBUG] ==> Parameters: 2018-12-05 00:00:00.0(Timestamp) - 2018-12-05 23:29:06,366 [http-nio-9999-exec-5] com.chen.baida.mapper.QrCheckInMapper.groupByHourAfterTime(debug,159) 
[DEBUG] <==      Total: 0 - 2018-12-05 23:29:06,367 [http-nio-9999-exec-5] com.chen.baida.mapper.QrCheckInMapper.groupByHourAfterTime(debug,159) 
[DEBUG] ==>  Preparing: select count(*) from qr_check_in t where t.is_deleted = false  - 2018-12-05 23:29:29,819 [http-nio-9999-exec-7] com.chen.baida.mapper.QrCheckInMapper.countAll(debug,159) 
[DEBUG] ==> Parameters:  - 2018-12-05 23:29:29,820 [http-nio-9999-exec-7] com.chen.baida.mapper.QrCheckInMapper.countAll(debug,159) 
[DEBUG] <==      Total: 1 - 2018-12-05 23:29:29,822 [http-nio-9999-exec-7] com.chen.baida.mapper.QrCheckInMapper.countAll(debug,159) 
[DEBUG] ==>  Preparing: select count(*) from qr_check_in t where t.is_deleted = false and t.create_time >= ?  - 2018-12-05 23:29:29,824 [http-nio-9999-exec-7] com.chen.baida.mapper.QrCheckInMapper.countTodayCheckIn(debug,159) 
[DEBUG] ==> Parameters: 2018-12-05 00:00:00.0(Timestamp) - 2018-12-05 23:29:29,826 [http-nio-9999-exec-7] com.chen.baida.mapper.QrCheckInMapper.countTodayCheckIn(debug,159) 
[DEBUG] <==      Total: 1 - 2018-12-05 23:29:29,828 [http-nio-9999-exec-7] com.chen.baida.mapper.QrCheckInMapper.countTodayCheckIn(debug,159) 
[DEBUG] ==>  Preparing: select count(*) from qr_topic t where t.is_deleted = false  - 2018-12-05 23:29:29,829 [http-nio-9999-exec-7] com.chen.baida.mapper.QrTopicMapper.countAll(debug,159) 
[DEBUG] ==> Parameters:  - 2018-12-05 23:29:29,829 [http-nio-9999-exec-7] com.chen.baida.mapper.QrTopicMapper.countAll(debug,159) 
[DEBUG] <==      Total: 1 - 2018-12-05 23:29:29,830 [http-nio-9999-exec-7] com.chen.baida.mapper.QrTopicMapper.countAll(debug,159) 
[DEBUG] ==>  Preparing: select count(*) from qr_feedback t where t.is_deleted = false  - 2018-12-05 23:29:29,831 [http-nio-9999-exec-7] com.chen.baida.mapper.QrFeedbackMapper.countAll(debug,159) 
[DEBUG] ==> Parameters:  - 2018-12-05 23:29:29,832 [http-nio-9999-exec-7] com.chen.baida.mapper.QrFeedbackMapper.countAll(debug,159) 
[DEBUG] <==      Total: 1 - 2018-12-05 23:29:29,834 [http-nio-9999-exec-7] com.chen.baida.mapper.QrFeedbackMapper.countAll(debug,159) 
[DEBUG] ==>  Preparing: select count(*) from qr_check_in t where t.is_deleted = false and t.create_time < ?  - 2018-12-05 23:29:30,199 [http-nio-9999-exec-6] com.chen.baida.mapper.QrCheckInMapper.countBeforeTime(debug,159) 
[DEBUG] ==> Parameters: 2018-12-05 00:00:00.0(Timestamp) - 2018-12-05 23:29:30,200 [http-nio-9999-exec-6] com.chen.baida.mapper.QrCheckInMapper.countBeforeTime(debug,159) 
[DEBUG] <==      Total: 1 - 2018-12-05 23:29:30,201 [http-nio-9999-exec-6] com.chen.baida.mapper.QrCheckInMapper.countBeforeTime(debug,159) 
[DEBUG] ==>  Preparing: select count(*) as `num`, hour(t.create_time)+1 as `key` from qr_check_in t where t.is_deleted = false and t.create_time >= ? group by hour(t.create_time)+1  - 2018-12-05 23:29:30,201 [http-nio-9999-exec-6] com.chen.baida.mapper.QrCheckInMapper.groupByHourAfterTime(debug,159) 
[DEBUG] ==> Parameters: 2018-12-05 00:00:00.0(Timestamp) - 2018-12-05 23:29:30,203 [http-nio-9999-exec-6] com.chen.baida.mapper.QrCheckInMapper.groupByHourAfterTime(debug,159) 
[DEBUG] <==      Total: 0 - 2018-12-05 23:29:30,205 [http-nio-9999-exec-6] com.chen.baida.mapper.QrCheckInMapper.groupByHourAfterTime(debug,159) 
[DEBUG] ==>  Preparing: select count(*) from qr_check_in t where t.is_deleted = false  - 2018-12-05 23:29:33,107 [http-nio-9999-exec-5] com.chen.baida.mapper.QrCheckInMapper.countAll(debug,159) 
[DEBUG] ==> Parameters:  - 2018-12-05 23:29:33,108 [http-nio-9999-exec-5] com.chen.baida.mapper.QrCheckInMapper.countAll(debug,159) 
[DEBUG] <==      Total: 1 - 2018-12-05 23:29:33,109 [http-nio-9999-exec-5] com.chen.baida.mapper.QrCheckInMapper.countAll(debug,159) 
[DEBUG] ==>  Preparing: select count(*) from qr_check_in t where t.is_deleted = false and t.create_time >= ?  - 2018-12-05 23:29:33,110 [http-nio-9999-exec-5] com.chen.baida.mapper.QrCheckInMapper.countTodayCheckIn(debug,159) 
[DEBUG] ==> Parameters: 2018-12-05 00:00:00.0(Timestamp) - 2018-12-05 23:29:33,110 [http-nio-9999-exec-5] com.chen.baida.mapper.QrCheckInMapper.countTodayCheckIn(debug,159) 
[DEBUG] <==      Total: 1 - 2018-12-05 23:29:33,111 [http-nio-9999-exec-5] com.chen.baida.mapper.QrCheckInMapper.countTodayCheckIn(debug,159) 
[DEBUG] ==>  Preparing: select count(*) from qr_topic t where t.is_deleted = false  - 2018-12-05 23:29:33,112 [http-nio-9999-exec-5] com.chen.baida.mapper.QrTopicMapper.countAll(debug,159) 
[DEBUG] ==> Parameters:  - 2018-12-05 23:29:33,113 [http-nio-9999-exec-5] com.chen.baida.mapper.QrTopicMapper.countAll(debug,159) 
[DEBUG] <==      Total: 1 - 2018-12-05 23:29:33,116 [http-nio-9999-exec-5] com.chen.baida.mapper.QrTopicMapper.countAll(debug,159) 
[DEBUG] ==>  Preparing: select count(*) from qr_feedback t where t.is_deleted = false  - 2018-12-05 23:29:33,118 [http-nio-9999-exec-5] com.chen.baida.mapper.QrFeedbackMapper.countAll(debug,159) 
[DEBUG] ==> Parameters:  - 2018-12-05 23:29:33,119 [http-nio-9999-exec-5] com.chen.baida.mapper.QrFeedbackMapper.countAll(debug,159) 
[DEBUG] <==      Total: 1 - 2018-12-05 23:29:33,121 [http-nio-9999-exec-5] com.chen.baida.mapper.QrFeedbackMapper.countAll(debug,159) 
[DEBUG] ==>  Preparing: select count(*) from qr_check_in t where t.is_deleted = false and t.create_time < ?  - 2018-12-05 23:29:33,373 [http-nio-9999-exec-7] com.chen.baida.mapper.QrCheckInMapper.countBeforeTime(debug,159) 
[DEBUG] ==> Parameters: 2018-12-05 00:00:00.0(Timestamp) - 2018-12-05 23:29:33,374 [http-nio-9999-exec-7] com.chen.baida.mapper.QrCheckInMapper.countBeforeTime(debug,159) 
[DEBUG] <==      Total: 1 - 2018-12-05 23:29:33,375 [http-nio-9999-exec-7] com.chen.baida.mapper.QrCheckInMapper.countBeforeTime(debug,159) 
[DEBUG] ==>  Preparing: select count(*) as `num`, hour(t.create_time)+1 as `key` from qr_check_in t where t.is_deleted = false and t.create_time >= ? group by hour(t.create_time)+1  - 2018-12-05 23:29:33,376 [http-nio-9999-exec-7] com.chen.baida.mapper.QrCheckInMapper.groupByHourAfterTime(debug,159) 
[DEBUG] ==> Parameters: 2018-12-05 00:00:00.0(Timestamp) - 2018-12-05 23:29:33,377 [http-nio-9999-exec-7] com.chen.baida.mapper.QrCheckInMapper.groupByHourAfterTime(debug,159) 
[DEBUG] <==      Total: 0 - 2018-12-05 23:29:33,378 [http-nio-9999-exec-7] com.chen.baida.mapper.QrCheckInMapper.groupByHourAfterTime(debug,159) 
[INFO ] Starting BaidaApplication on ShiQing-Chen with PID 16888 (J:\projects\my\springboot_mybitis\baida\target\classes started by ShiQing_Chen in J:\projects\my\springboot_mybitis\baida) - 2018-12-05 23:43:20,592 [main] com.chen.baida.BaidaApplication(logStarting,48) 
[DEBUG] Running with Spring Boot v1.5.17.RELEASE, Spring v4.3.20.RELEASE - 2018-12-05 23:43:20,595 [main] com.chen.baida.BaidaApplication(logStarting,51) 
[INFO ] No active profile set, falling back to default profiles: default - 2018-12-05 23:43:20,595 [main] com.chen.baida.BaidaApplication(logStartupProfileInfo,593) 
[DEBUG] ########临时目录：J:\projects\my\springboot_mybitis\baida######## - 2018-12-05 23:43:22,638 [localhost-startStop-1] com.chen.baida.config.ApplicationConfig(multipartConfigElement,57) 
[INFO ] ######## 配置共享登录规则... ######## - 2018-12-05 23:43:22,798 [localhost-startStop-1] com.chen.baida.config.RedisHttpSessionConfig(devCookieSerializer,67) 
[INFO ] ######## 初始化跳转处理器... ######## - 2018-12-05 23:43:23,011 [localhost-startStop-1] com.chen.baida.filter.HttpsRedirectFilter(init,24) 
[INFO ] ######## 销毁跳转处理器... ######## - 2018-12-05 23:43:23,496 [localhost-startStop-1] com.chen.baida.filter.HttpsRedirectFilter(destroy,40) 
[ERROR] Application startup failed - 2018-12-05 23:43:23,526 [main] org.springframework.boot.SpringApplication(reportFailure,771) 
org.springframework.beans.factory.BeanCreationException: Error creating bean with name 'backendAdminController': Injection of autowired dependencies failed; nested exception is java.lang.IllegalArgumentException: Could not resolve placeholder 'system.qr.url.base' in value "${system.qr.url.base}"
	at org.springframework.beans.factory.annotation.AutowiredAnnotationBeanPostProcessor.postProcessPropertyValues(AutowiredAnnotationBeanPostProcessor.java:370)
	at org.springframework.beans.factory.support.AbstractAutowireCapableBeanFactory.populateBean(AbstractAutowireCapableBeanFactory.java:1269)
	at org.springframework.beans.factory.support.AbstractAutowireCapableBeanFactory.doCreateBean(AbstractAutowireCapableBeanFactory.java:551)
	at org.springframework.beans.factory.support.AbstractAutowireCapableBeanFactory.createBean(AbstractAutowireCapableBeanFactory.java:481)
	at org.springframework.beans.factory.support.AbstractBeanFactory$1.getObject(AbstractBeanFactory.java:312)
	at org.springframework.beans.factory.support.DefaultSingletonBeanRegistry.getSingleton(DefaultSingletonBeanRegistry.java:230)
	at org.springframework.beans.factory.support.AbstractBeanFactory.doGetBean(AbstractBeanFactory.java:308)
	at org.springframework.beans.factory.support.AbstractBeanFactory.getBean(AbstractBeanFactory.java:197)
	at org.springframework.beans.factory.support.DefaultListableBeanFactory.preInstantiateSingletons(DefaultListableBeanFactory.java:761)
	at org.springframework.context.support.AbstractApplicationContext.finishBeanFactoryInitialization(AbstractApplicationContext.java:867)
	at org.springframework.context.support.AbstractApplicationContext.refresh(AbstractApplicationContext.java:543)
	at org.springframework.boot.context.embedded.EmbeddedWebApplicationContext.refresh(EmbeddedWebApplicationContext.java:122)
	at org.springframework.boot.SpringApplication.refresh(SpringApplication.java:693)
	at org.springframework.boot.SpringApplication.refreshContext(SpringApplication.java:360)
	at org.springframework.boot.SpringApplication.run(SpringApplication.java:303)
	at org.springframework.boot.SpringApplication.run(SpringApplication.java:1118)
	at org.springframework.boot.SpringApplication.run(SpringApplication.java:1107)
	at com.chen.baida.BaidaApplication.main(BaidaApplication.java:13)
Caused by: java.lang.IllegalArgumentException: Could not resolve placeholder 'system.qr.url.base' in value "${system.qr.url.base}"
	at org.springframework.util.PropertyPlaceholderHelper.parseStringValue(PropertyPlaceholderHelper.java:174)
	at org.springframework.util.PropertyPlaceholderHelper.replacePlaceholders(PropertyPlaceholderHelper.java:126)
	at org.springframework.core.env.AbstractPropertyResolver.doResolvePlaceholders(AbstractPropertyResolver.java:236)
	at org.springframework.core.env.AbstractPropertyResolver.resolveRequiredPlaceholders(AbstractPropertyResolver.java:210)
	at org.springframework.context.support.PropertySourcesPlaceholderConfigurer$2.resolveStringValue(PropertySourcesPlaceholderConfigurer.java:172)
	at org.springframework.beans.factory.support.AbstractBeanFactory.resolveEmbeddedValue(AbstractBeanFactory.java:837)
	at org.springframework.beans.factory.support.DefaultListableBeanFactory.doResolveDependency(DefaultListableBeanFactory.java:1084)
	at org.springframework.beans.factory.support.DefaultListableBeanFactory.resolveDependency(DefaultListableBeanFactory.java:1064)
	at org.springframework.beans.factory.annotation.AutowiredAnnotationBeanPostProcessor$AutowiredFieldElement.inject(AutowiredAnnotationBeanPostProcessor.java:583)
	at org.springframework.beans.factory.annotation.InjectionMetadata.inject(InjectionMetadata.java:87)
	at org.springframework.beans.factory.annotation.AutowiredAnnotationBeanPostProcessor.postProcessPropertyValues(AutowiredAnnotationBeanPostProcessor.java:364)
	... 17 common frames omitted
[INFO ] Starting BaidaApplication on ShiQing-Chen with PID 16680 (J:\projects\my\springboot_mybitis\baida\target\classes started by ShiQing_Chen in J:\projects\my\springboot_mybitis\baida) - 2018-12-05 23:43:39,462 [main] com.chen.baida.BaidaApplication(logStarting,48) 
[DEBUG] Running with Spring Boot v1.5.17.RELEASE, Spring v4.3.20.RELEASE - 2018-12-05 23:43:39,466 [main] com.chen.baida.BaidaApplication(logStarting,51) 
[INFO ] No active profile set, falling back to default profiles: default - 2018-12-05 23:43:39,466 [main] com.chen.baida.BaidaApplication(logStartupProfileInfo,593) 
[DEBUG] ########临时目录：J:\projects\my\springboot_mybitis\baida######## - 2018-12-05 23:43:41,505 [localhost-startStop-1] com.chen.baida.config.ApplicationConfig(multipartConfigElement,57) 
[INFO ] ######## 配置共享登录规则... ######## - 2018-12-05 23:43:41,668 [localhost-startStop-1] com.chen.baida.config.RedisHttpSessionConfig(devCookieSerializer,67) 
[INFO ] ######## 初始化跳转处理器... ######## - 2018-12-05 23:43:41,875 [localhost-startStop-1] com.chen.baida.filter.HttpsRedirectFilter(init,24) 
[INFO ] ######## 应用程序正在启动... ######## - 2018-12-05 23:43:42,398 [main] com.chen.baida.updown.StartupService(afterPropertiesSet,36) 
[INFO ] ######## 应用程序正在启动... ######## - 2018-12-05 23:43:42,398 [main] com.chen.baida.updown.StartupService(afterPropertiesSet,37) 
[INFO ] ######## 应用程序正在启动... ######## - 2018-12-05 23:43:42,398 [main] com.chen.baida.updown.StartupService(afterPropertiesSet,38) 
[INFO ] ######## 运行端口: 9999 ######## - 2018-12-05 23:43:42,398 [main] com.chen.baida.updown.StartupService(afterPropertiesSet,39) 
[INFO ] ######## 应用名称: baida ######## - 2018-12-05 23:43:42,399 [main] com.chen.baida.updown.StartupService(afterPropertiesSet,40) 
[INFO ] ######## 程序版本: 0.0.3 ######## - 2018-12-05 23:43:42,399 [main] com.chen.baida.updown.StartupService(afterPropertiesSet,41) 
[INFO ] ######## 编译时间: @build.timestamp.with.offset@ ######## - 2018-12-05 23:43:42,399 [main] com.chen.baida.updown.StartupService(afterPropertiesSet,42) 
[INFO ] ######## 使用配置文件 [] ######## - 2018-12-05 23:43:42,399 [main] com.chen.baida.updown.StartupService(afterPropertiesSet,43) 
[INFO ] ######## 配置模板引擎常量... ######## - 2018-12-05 23:43:42,515 [main] com.chen.baida.config.FreemarkerConfig(freeMarkerViewResolver,32) 
[INFO ] ######## 配置拦截器... ######## - 2018-12-05 23:43:43,051 [main] com.chen.baida.config.DispatcherConfig(addInterceptors,36) 
[INFO ] Started BaidaApplication in 4.886 seconds (JVM running for 6.368) - 2018-12-05 23:43:43,989 [main] com.chen.baida.BaidaApplication(logStarted,57) 
[INFO ] Starting BaidaApplication on ShiQing-Chen with PID 16676 (J:\projects\my\springboot_mybitis\baida\target\classes started by ShiQing_Chen in J:\projects\my\springboot_mybitis\baida) - 2018-12-05 23:44:07,933 [main] com.chen.baida.BaidaApplication(logStarting,48) 
[DEBUG] Running with Spring Boot v1.5.17.RELEASE, Spring v4.3.20.RELEASE - 2018-12-05 23:44:07,936 [main] com.chen.baida.BaidaApplication(logStarting,51) 
[INFO ] No active profile set, falling back to default profiles: default - 2018-12-05 23:44:07,937 [main] com.chen.baida.BaidaApplication(logStartupProfileInfo,593) 
[DEBUG] ########临时目录：J:\projects\my\springboot_mybitis\baida######## - 2018-12-05 23:44:10,331 [localhost-startStop-1] com.chen.baida.config.ApplicationConfig(multipartConfigElement,57) 
[INFO ] ######## 配置共享登录规则... ######## - 2018-12-05 23:44:10,502 [localhost-startStop-1] com.chen.baida.config.RedisHttpSessionConfig(devCookieSerializer,67) 
[INFO ] ######## 初始化跳转处理器... ######## - 2018-12-05 23:44:10,708 [localhost-startStop-1] com.chen.baida.filter.HttpsRedirectFilter(init,24) 
[INFO ] ######## 销毁跳转处理器... ######## - 2018-12-05 23:44:11,192 [localhost-startStop-1] com.chen.baida.filter.HttpsRedirectFilter(destroy,40) 
[ERROR] Application startup failed - 2018-12-05 23:44:11,224 [main] org.springframework.boot.SpringApplication(reportFailure,771) 
org.springframework.beans.factory.BeanCreationException: Error creating bean with name 'backendAdminController': Injection of autowired dependencies failed; nested exception is java.lang.IllegalArgumentException: Could not resolve placeholder 'system.qr.url.base' in value "${system.qr.url.base}"
	at org.springframework.beans.factory.annotation.AutowiredAnnotationBeanPostProcessor.postProcessPropertyValues(AutowiredAnnotationBeanPostProcessor.java:370)
	at org.springframework.beans.factory.support.AbstractAutowireCapableBeanFactory.populateBean(AbstractAutowireCapableBeanFactory.java:1269)
	at org.springframework.beans.factory.support.AbstractAutowireCapableBeanFactory.doCreateBean(AbstractAutowireCapableBeanFactory.java:551)
	at org.springframework.beans.factory.support.AbstractAutowireCapableBeanFactory.createBean(AbstractAutowireCapableBeanFactory.java:481)
	at org.springframework.beans.factory.support.AbstractBeanFactory$1.getObject(AbstractBeanFactory.java:312)
	at org.springframework.beans.factory.support.DefaultSingletonBeanRegistry.getSingleton(DefaultSingletonBeanRegistry.java:230)
	at org.springframework.beans.factory.support.AbstractBeanFactory.doGetBean(AbstractBeanFactory.java:308)
	at org.springframework.beans.factory.support.AbstractBeanFactory.getBean(AbstractBeanFactory.java:197)
	at org.springframework.beans.factory.support.DefaultListableBeanFactory.preInstantiateSingletons(DefaultListableBeanFactory.java:761)
	at org.springframework.context.support.AbstractApplicationContext.finishBeanFactoryInitialization(AbstractApplicationContext.java:867)
	at org.springframework.context.support.AbstractApplicationContext.refresh(AbstractApplicationContext.java:543)
	at org.springframework.boot.context.embedded.EmbeddedWebApplicationContext.refresh(EmbeddedWebApplicationContext.java:122)
	at org.springframework.boot.SpringApplication.refresh(SpringApplication.java:693)
	at org.springframework.boot.SpringApplication.refreshContext(SpringApplication.java:360)
	at org.springframework.boot.SpringApplication.run(SpringApplication.java:303)
	at org.springframework.boot.SpringApplication.run(SpringApplication.java:1118)
	at org.springframework.boot.SpringApplication.run(SpringApplication.java:1107)
	at com.chen.baida.BaidaApplication.main(BaidaApplication.java:13)
Caused by: java.lang.IllegalArgumentException: Could not resolve placeholder 'system.qr.url.base' in value "${system.qr.url.base}"
	at org.springframework.util.PropertyPlaceholderHelper.parseStringValue(PropertyPlaceholderHelper.java:174)
	at org.springframework.util.PropertyPlaceholderHelper.replacePlaceholders(PropertyPlaceholderHelper.java:126)
	at org.springframework.core.env.AbstractPropertyResolver.doResolvePlaceholders(AbstractPropertyResolver.java:236)
	at org.springframework.core.env.AbstractPropertyResolver.resolveRequiredPlaceholders(AbstractPropertyResolver.java:210)
	at org.springframework.context.support.PropertySourcesPlaceholderConfigurer$2.resolveStringValue(PropertySourcesPlaceholderConfigurer.java:172)
	at org.springframework.beans.factory.support.AbstractBeanFactory.resolveEmbeddedValue(AbstractBeanFactory.java:837)
	at org.springframework.beans.factory.support.DefaultListableBeanFactory.doResolveDependency(DefaultListableBeanFactory.java:1084)
	at org.springframework.beans.factory.support.DefaultListableBeanFactory.resolveDependency(DefaultListableBeanFactory.java:1064)
	at org.springframework.beans.factory.annotation.AutowiredAnnotationBeanPostProcessor$AutowiredFieldElement.inject(AutowiredAnnotationBeanPostProcessor.java:583)
	at org.springframework.beans.factory.annotation.InjectionMetadata.inject(InjectionMetadata.java:87)
	at org.springframework.beans.factory.annotation.AutowiredAnnotationBeanPostProcessor.postProcessPropertyValues(AutowiredAnnotationBeanPostProcessor.java:364)
	... 17 common frames omitted
[INFO ] Starting BaidaApplication on ShiQing-Chen with PID 5700 (J:\projects\my\springboot_mybitis\baida\target\classes started by ShiQing_Chen in J:\projects\my\springboot_mybitis\baida) - 2018-12-05 23:44:34,768 [main] com.chen.baida.BaidaApplication(logStarting,48) 
[DEBUG] Running with Spring Boot v1.5.17.RELEASE, Spring v4.3.20.RELEASE - 2018-12-05 23:44:34,772 [main] com.chen.baida.BaidaApplication(logStarting,51) 
[INFO ] No active profile set, falling back to default profiles: default - 2018-12-05 23:44:34,772 [main] com.chen.baida.BaidaApplication(logStartupProfileInfo,593) 
[DEBUG] ########临时目录：J:\projects\my\springboot_mybitis\baida######## - 2018-12-05 23:44:36,967 [localhost-startStop-1] com.chen.baida.config.ApplicationConfig(multipartConfigElement,57) 
[INFO ] ######## 配置共享登录规则... ######## - 2018-12-05 23:44:37,141 [localhost-startStop-1] com.chen.baida.config.RedisHttpSessionConfig(devCookieSerializer,67) 
[INFO ] ######## 初始化跳转处理器... ######## - 2018-12-05 23:44:37,357 [localhost-startStop-1] com.chen.baida.filter.HttpsRedirectFilter(init,24) 
[INFO ] ######## 应用程序正在启动... ######## - 2018-12-05 23:44:37,914 [main] com.chen.baida.updown.StartupService(afterPropertiesSet,36) 
[INFO ] ######## 应用程序正在启动... ######## - 2018-12-05 23:44:37,914 [main] com.chen.baida.updown.StartupService(afterPropertiesSet,37) 
[INFO ] ######## 应用程序正在启动... ######## - 2018-12-05 23:44:37,915 [main] com.chen.baida.updown.StartupService(afterPropertiesSet,38) 
[INFO ] ######## 运行端口: 9999 ######## - 2018-12-05 23:44:37,915 [main] com.chen.baida.updown.StartupService(afterPropertiesSet,39) 
[INFO ] ######## 应用名称: baida ######## - 2018-12-05 23:44:37,915 [main] com.chen.baida.updown.StartupService(afterPropertiesSet,40) 
[INFO ] ######## 程序版本: 0.0.3 ######## - 2018-12-05 23:44:37,915 [main] com.chen.baida.updown.StartupService(afterPropertiesSet,41) 
[INFO ] ######## 编译时间: @build.timestamp.with.offset@ ######## - 2018-12-05 23:44:37,915 [main] com.chen.baida.updown.StartupService(afterPropertiesSet,42) 
[INFO ] ######## 使用配置文件 [] ######## - 2018-12-05 23:44:37,915 [main] com.chen.baida.updown.StartupService(afterPropertiesSet,43) 
[INFO ] ######## 配置模板引擎常量... ######## - 2018-12-05 23:44:38,040 [main] com.chen.baida.config.FreemarkerConfig(freeMarkerViewResolver,32) 
[INFO ] ######## 配置拦截器... ######## - 2018-12-05 23:44:38,634 [main] com.chen.baida.config.DispatcherConfig(addInterceptors,36) 
[INFO ] Started BaidaApplication in 5.121 seconds (JVM running for 6.812) - 2018-12-05 23:44:39,570 [main] com.chen.baida.BaidaApplication(logStarted,57) 
[DEBUG] ==>  Preparing: select count(*) from qr_check_in t where t.is_deleted = false  - 2018-12-05 23:44:46,923 [http-nio-9999-exec-2] com.chen.baida.mapper.QrCheckInMapper.countAll(debug,159) 
[DEBUG] ==> Parameters:  - 2018-12-05 23:44:46,942 [http-nio-9999-exec-2] com.chen.baida.mapper.QrCheckInMapper.countAll(debug,159) 
[DEBUG] <==      Total: 1 - 2018-12-05 23:44:46,950 [http-nio-9999-exec-2] com.chen.baida.mapper.QrCheckInMapper.countAll(debug,159) 
[DEBUG] ==>  Preparing: select count(*) from qr_check_in t where t.is_deleted = false and t.create_time >= ?  - 2018-12-05 23:44:46,986 [http-nio-9999-exec-2] com.chen.baida.mapper.QrCheckInMapper.countTodayCheckIn(debug,159) 
[DEBUG] ==> Parameters: 2018-12-05 00:00:00.0(Timestamp) - 2018-12-05 23:44:46,987 [http-nio-9999-exec-2] com.chen.baida.mapper.QrCheckInMapper.countTodayCheckIn(debug,159) 
[DEBUG] <==      Total: 1 - 2018-12-05 23:44:46,988 [http-nio-9999-exec-2] com.chen.baida.mapper.QrCheckInMapper.countTodayCheckIn(debug,159) 
[DEBUG] ==>  Preparing: select count(*) from qr_topic t where t.is_deleted = false  - 2018-12-05 23:44:46,990 [http-nio-9999-exec-2] com.chen.baida.mapper.QrTopicMapper.countAll(debug,159) 
[DEBUG] ==> Parameters:  - 2018-12-05 23:44:46,991 [http-nio-9999-exec-2] com.chen.baida.mapper.QrTopicMapper.countAll(debug,159) 
[DEBUG] <==      Total: 1 - 2018-12-05 23:44:46,992 [http-nio-9999-exec-2] com.chen.baida.mapper.QrTopicMapper.countAll(debug,159) 
[DEBUG] ==>  Preparing: select count(*) from qr_feedback t where t.is_deleted = false  - 2018-12-05 23:44:46,994 [http-nio-9999-exec-2] com.chen.baida.mapper.QrFeedbackMapper.countAll(debug,159) 
[DEBUG] ==> Parameters:  - 2018-12-05 23:44:46,994 [http-nio-9999-exec-2] com.chen.baida.mapper.QrFeedbackMapper.countAll(debug,159) 
[DEBUG] <==      Total: 1 - 2018-12-05 23:44:46,995 [http-nio-9999-exec-2] com.chen.baida.mapper.QrFeedbackMapper.countAll(debug,159) 
[DEBUG] ==>  Preparing: select count(*) from qr_check_in t where t.is_deleted = false and t.create_time < ?  - 2018-12-05 23:44:47,616 [http-nio-9999-exec-2] com.chen.baida.mapper.QrCheckInMapper.countBeforeTime(debug,159) 
[DEBUG] ==> Parameters: 2018-12-05 00:00:00.0(Timestamp) - 2018-12-05 23:44:47,617 [http-nio-9999-exec-2] com.chen.baida.mapper.QrCheckInMapper.countBeforeTime(debug,159) 
[DEBUG] <==      Total: 1 - 2018-12-05 23:44:47,618 [http-nio-9999-exec-2] com.chen.baida.mapper.QrCheckInMapper.countBeforeTime(debug,159) 
[DEBUG] ==>  Preparing: select count(*) as `num`, hour(t.create_time)+1 as `key` from qr_check_in t where t.is_deleted = false and t.create_time >= ? group by hour(t.create_time)+1  - 2018-12-05 23:44:47,620 [http-nio-9999-exec-2] com.chen.baida.mapper.QrCheckInMapper.groupByHourAfterTime(debug,159) 
[DEBUG] ==> Parameters: 2018-12-05 00:00:00.0(Timestamp) - 2018-12-05 23:44:47,621 [http-nio-9999-exec-2] com.chen.baida.mapper.QrCheckInMapper.groupByHourAfterTime(debug,159) 
[DEBUG] <==      Total: 0 - 2018-12-05 23:44:47,624 [http-nio-9999-exec-2] com.chen.baida.mapper.QrCheckInMapper.groupByHourAfterTime(debug,159) 
[DEBUG] ==>  Preparing: select count(*) from qr_check_in t where t.is_deleted = false  - 2018-12-05 23:44:49,232 [http-nio-9999-exec-6] com.chen.baida.mapper.QrCheckInMapper.countAll(debug,159) 
[DEBUG] ==> Parameters:  - 2018-12-05 23:44:49,233 [http-nio-9999-exec-6] com.chen.baida.mapper.QrCheckInMapper.countAll(debug,159) 
[DEBUG] <==      Total: 1 - 2018-12-05 23:44:49,234 [http-nio-9999-exec-6] com.chen.baida.mapper.QrCheckInMapper.countAll(debug,159) 
[DEBUG] ==>  Preparing: select count(*) from qr_check_in t where t.is_deleted = false and t.create_time >= ?  - 2018-12-05 23:44:49,235 [http-nio-9999-exec-6] com.chen.baida.mapper.QrCheckInMapper.countTodayCheckIn(debug,159) 
[DEBUG] ==> Parameters: 2018-12-05 00:00:00.0(Timestamp) - 2018-12-05 23:44:49,237 [http-nio-9999-exec-6] com.chen.baida.mapper.QrCheckInMapper.countTodayCheckIn(debug,159) 
[DEBUG] <==      Total: 1 - 2018-12-05 23:44:49,238 [http-nio-9999-exec-6] com.chen.baida.mapper.QrCheckInMapper.countTodayCheckIn(debug,159) 
[DEBUG] ==>  Preparing: select count(*) from qr_topic t where t.is_deleted = false  - 2018-12-05 23:44:49,241 [http-nio-9999-exec-6] com.chen.baida.mapper.QrTopicMapper.countAll(debug,159) 
[DEBUG] ==> Parameters:  - 2018-12-05 23:44:49,241 [http-nio-9999-exec-6] com.chen.baida.mapper.QrTopicMapper.countAll(debug,159) 
[DEBUG] <==      Total: 1 - 2018-12-05 23:44:49,245 [http-nio-9999-exec-6] com.chen.baida.mapper.QrTopicMapper.countAll(debug,159) 
[DEBUG] ==>  Preparing: select count(*) from qr_feedback t where t.is_deleted = false  - 2018-12-05 23:44:49,246 [http-nio-9999-exec-6] com.chen.baida.mapper.QrFeedbackMapper.countAll(debug,159) 
[DEBUG] ==> Parameters:  - 2018-12-05 23:44:49,247 [http-nio-9999-exec-6] com.chen.baida.mapper.QrFeedbackMapper.countAll(debug,159) 
[DEBUG] <==      Total: 1 - 2018-12-05 23:44:49,247 [http-nio-9999-exec-6] com.chen.baida.mapper.QrFeedbackMapper.countAll(debug,159) 
[DEBUG] ==>  Preparing: select count(*) from qr_check_in t where t.is_deleted = false and t.create_time < ?  - 2018-12-05 23:44:49,551 [http-nio-9999-exec-8] com.chen.baida.mapper.QrCheckInMapper.countBeforeTime(debug,159) 
[DEBUG] ==> Parameters: 2018-12-05 00:00:00.0(Timestamp) - 2018-12-05 23:44:49,552 [http-nio-9999-exec-8] com.chen.baida.mapper.QrCheckInMapper.countBeforeTime(debug,159) 
[DEBUG] <==      Total: 1 - 2018-12-05 23:44:49,553 [http-nio-9999-exec-8] com.chen.baida.mapper.QrCheckInMapper.countBeforeTime(debug,159) 
[DEBUG] ==>  Preparing: select count(*) as `num`, hour(t.create_time)+1 as `key` from qr_check_in t where t.is_deleted = false and t.create_time >= ? group by hour(t.create_time)+1  - 2018-12-05 23:44:49,554 [http-nio-9999-exec-8] com.chen.baida.mapper.QrCheckInMapper.groupByHourAfterTime(debug,159) 
[DEBUG] ==> Parameters: 2018-12-05 00:00:00.0(Timestamp) - 2018-12-05 23:44:49,555 [http-nio-9999-exec-8] com.chen.baida.mapper.QrCheckInMapper.groupByHourAfterTime(debug,159) 
[DEBUG] <==      Total: 0 - 2018-12-05 23:44:49,556 [http-nio-9999-exec-8] com.chen.baida.mapper.QrCheckInMapper.groupByHourAfterTime(debug,159) 
